<?xml version="1.0" encoding="UTF-8"?>
<!-- Generated by org.testng.reporters.JUnitReportReporter -->
<testsuite hostname="Praful" failures="0" tests="6" name="runner.RunnerTest" time="54.395" errors="0" timestamp="2025-01-24T19:21:45 IST" skipped="0">
  <testcase classname="runner.RunnerTest" name="runScenario" time="7.862"/>
  <system-out/>
  <testcase classname="runner.RunnerTest" name="runScenario" time="9.405"/>
  <system-out/>
  <testcase classname="runner.RunnerTest" name="runScenario" time="8.846"/>
  <system-out/>
  <testcase classname="runner.RunnerTest" name="runScenario" time="9.968"/>
  <system-out/>
  <testcase classname="runner.RunnerTest" name="runScenario" time="9.113"/>
  <system-out/>
  <testcase classname="runner.RunnerTest" name="runScenario" time="9.201"/>
  <system-out/>
</testsuite> <!-- runner.RunnerTest -->
