<?xml version="1.0" encoding="UTF-8"?>
<!-- Generated by org.testng.reporters.JUnitReportReporter -->
<testsuite hostname="Praful" failures="0" tests="7" name="runner.RunnerTest" time="63.337" errors="0" timestamp="2025-01-24T20:17:39 IST" skipped="0">
  <testcase classname="runner.RunnerTest" name="runScenario" time="9.110"/>
  <system-out/>
  <testcase classname="runner.RunnerTest" name="runScenario" time="8.154"/>
  <system-out/>
  <testcase classname="runner.RunnerTest" name="runScenario" time="8.025"/>
  <system-out/>
  <testcase classname="runner.RunnerTest" name="runScenario" time="9.212"/>
  <system-out/>
  <testcase classname="runner.RunnerTest" name="runScenario" time="10.189"/>
  <system-out/>
  <testcase classname="runner.RunnerTest" name="runScenario" time="9.302"/>
  <system-out/>
  <testcase classname="runner.RunnerTest" name="runScenario" time="9.345"/>
  <system-out/>
</testsuite> <!-- runner.RunnerTest -->
