<?xml version="1.0" encoding="UTF-8"?>
<!-- Generated by org.testng.reporters.JUnitReportReporter -->
<testsuite hostname="Satish" failures="0" tests="4" name="runner.RunnerTest" time="33.026" errors="0" timestamp="2025-01-24T08:15:10 IST" skipped="0">
  <testcase classname="runner.RunnerTest" name="runScenario" time="7.993"/>
  <system-out/>
  <testcase classname="runner.RunnerTest" name="runScenario" time="9.213"/>
  <system-out/>
  <testcase classname="runner.RunnerTest" name="runScenario" time="7.853"/>
  <system-out/>
  <testcase classname="runner.RunnerTest" name="runScenario" time="7.967"/>
  <system-out/>
</testsuite> <!-- runner.RunnerTest -->
