<?xml version="1.0" encoding="UTF-8"?>
<!-- Generated by org.testng.reporters.JUnitReportReporter -->
<testsuite hostname="DESKTOP-QMUT8R4" failures="0" tests="6" name="runner.RunnerTest" time="51.987" errors="0" timestamp="2025-01-24T09:00:32 IST" skipped="0">
  <testcase classname="runner.RunnerTest" name="runScenario" time="9.595"/>
  <system-out/>
  <testcase classname="runner.RunnerTest" name="runScenario" time="8.923"/>
  <system-out/>
  <testcase classname="runner.RunnerTest" name="runScenario" time="8.025"/>
  <system-out/>
  <testcase classname="runner.RunnerTest" name="runScenario" time="8.758"/>
  <system-out/>
  <testcase classname="runner.RunnerTest" name="runScenario" time="7.450"/>
  <system-out/>
  <testcase classname="runner.RunnerTest" name="runScenario" time="9.236"/>
  <system-out/>
</testsuite> <!-- runner.RunnerTest -->
