<?xml version="1.0" encoding="UTF-8"?>
<!-- Generated by org.testng.reporters.JUnitReportReporter -->
<testsuite hostname="DESKTOP-QMUT8R4" failures="0" tests="7" name="runner.RunnerTest" time="115.063" errors="0" timestamp="2025-01-24T20:12:43 IST" skipped="0">
  <testcase classname="runner.RunnerTest" name="runScenario" time="15.093"/>
  <system-out/>
  <testcase classname="runner.RunnerTest" name="runScenario" time="17.358"/>
  <system-out/>
  <testcase classname="runner.RunnerTest" name="runScenario" time="11.456"/>
  <system-out/>
  <testcase classname="runner.RunnerTest" name="runScenario" time="22.445"/>
  <system-out/>
  <testcase classname="runner.RunnerTest" name="runScenario" time="16.019"/>
  <system-out/>
  <testcase classname="runner.RunnerTest" name="runScenario" time="19.529"/>
  <system-out/>
  <testcase classname="runner.RunnerTest" name="runScenario" time="13.163"/>
  <system-out/>
</testsuite> <!-- runner.RunnerTest -->
