<?xml version="1.0" encoding="UTF-8"?>
<!-- Generated by org.testng.reporters.JUnitReportReporter -->
<testsuite hostname="Praful" failures="0" tests="7" name="runner.RunnerTest" time="62.076" errors="0" timestamp="2025-07-09T20:57:00 IST" skipped="0">
  <testcase classname="runner.RunnerTest" name="runScenario" time="8.913"/>
  <system-out/>
  <testcase classname="runner.RunnerTest" name="runScenario" time="8.324"/>
  <system-out/>
  <testcase classname="runner.RunnerTest" name="runScenario" time="9.542"/>
  <system-out/>
  <testcase classname="runner.RunnerTest" name="runScenario" time="8.037"/>
  <system-out/>
  <testcase classname="runner.RunnerTest" name="runScenario" time="8.145"/>
  <system-out/>
  <testcase classname="runner.RunnerTest" name="runScenario" time="9.292"/>
  <system-out/>
  <testcase classname="runner.RunnerTest" name="runScenario" time="9.823"/>
  <system-out/>
</testsuite> <!-- runner.RunnerTest -->
