<?xml version="1.0" encoding="UTF-8"?>
<!-- Generated by org.testng.reporters.JUnitReportReporter -->
<testsuite hostname="Satish" failures="0" tests="6" name="runner.RunnerTest" time="52.631" errors="0" timestamp="2025-01-24T19:11:45 IST" skipped="0">
  <testcase classname="runner.RunnerTest" name="runScenario" time="8.871"/>
  <system-out/>
  <testcase classname="runner.RunnerTest" name="runScenario" time="8.884"/>
  <system-out/>
  <testcase classname="runner.RunnerTest" name="runScenario" time="9.403"/>
  <system-out/>
  <testcase classname="runner.RunnerTest" name="runScenario" time="9.188"/>
  <system-out/>
  <testcase classname="runner.RunnerTest" name="runScenario" time="8.049"/>
  <system-out/>
  <testcase classname="runner.RunnerTest" name="runScenario" time="8.236"/>
  <system-out/>
</testsuite> <!-- runner.RunnerTest -->
