<?xml version="1.0" encoding="UTF-8"?>
<!-- Generated by org.testng.reporters.JUnitReportReporter -->
<testsuite hostname="Praful" failures="0" tests="4" name="runner.RunnerTest" time="34.539" errors="0" timestamp="2025-01-24T08:03:49 IST" skipped="0">
  <testcase classname="runner.RunnerTest" name="runScenario" time="9.017"/>
  <system-out/>
  <testcase classname="runner.RunnerTest" name="runScenario" time="7.966"/>
  <system-out/>
  <testcase classname="runner.RunnerTest" name="runScenario" time="8.043"/>
  <system-out/>
  <testcase classname="runner.RunnerTest" name="runScenario" time="9.513"/>
  <system-out/>
</testsuite> <!-- runner.RunnerTest -->
